<?xml version="1.0" encoding="UTF-8"?>
<!-- Generated by org.testng.reporters.JUnitXMLReporter -->
<testsuite hostname="LAPTOP-NSGQ9VIE" name="BankingApp Test" tests="2" failures="0" timestamp="16 May 2021 16:02:40 GMT" time="33.386" errors="0">
  <testcase name="addNewCustomer" time="13.249" classname="com.inetbanking.testCases.TC_AddCustomerTest_003"/>
  <testcase name="deleteCustomer" time="10.472" classname="com.inetbanking.testCases.TC_DeleteCustomerTest_005"/>
</testsuite> <!-- BankingApp Test -->
