<?xml version="1.0" encoding="UTF-8"?>
<!-- Generated by org.testng.reporters.JUnitXMLReporter -->
<testsuite hostname="LAPTOP-NSGQ9VIE" ignored="0" name="BankingApp Test" tests="2" failures="0" timestamp="2021-05-23T13:10:43 IST" time="31.561" errors="0">
  <testcase name="addNewCustomer" time="13.966" classname="com.inetbanking.testCases.TC_AddCustomerTest_003"/>
  <testcase name="newAccount" time="7.626" classname="com.inetbanking.testCases.TC_NewAccount_006"/>
</testsuite> <!-- BankingApp Test -->
