<?xml version="1.0" encoding="UTF-8"?>
<testng-results skipped="0" failed="0" ignored="0" total="2" passed="2">
  <reporter-output>
  </reporter-output>
  <suite name="InetBankingV1" duration-ms="31561" started-at="2021-05-23T13:10:11 IST" finished-at="2021-05-23T13:10:43 IST">
    <groups>
    </groups>
    <test name="BankingApp Test" duration-ms="31561" started-at="2021-05-23T13:10:11 IST" finished-at="2021-05-23T13:10:43 IST">
      <class name="com.inetbanking.testCases.TC_AddCustomerTest_003">
        <test-method status="PASS" signature="setUp(java.lang.String)[pri:0, instance:com.inetbanking.testCases.TC_AddCustomerTest_003@a38d7a3]" name="setUp" is-config="true" duration-ms="4627" started-at="2021-05-23T13:10:12 IST" finished-at="2021-05-23T13:10:16 IST">
          <params>
            <param index="0">
              <value>
                <![CDATA[chrome]]>
              </value>
            </param>
          </params>
          <reporter-output>
          </reporter-output>
        </test-method> <!-- setUp -->
        <test-method status="PASS" signature="addNewCustomer()[pri:0, instance:com.inetbanking.testCases.TC_AddCustomerTest_003@a38d7a3]" name="addNewCustomer" duration-ms="13966" started-at="2021-05-23T13:10:16 IST" finished-at="2021-05-23T13:10:30 IST">
          <reporter-output>
          </reporter-output>
        </test-method> <!-- addNewCustomer -->
      </class> <!-- com.inetbanking.testCases.TC_AddCustomerTest_003 -->
      <class name="com.inetbanking.testCases.TC_NewAccount_006">
        <test-method status="PASS" signature="setUp(java.lang.String)[pri:0, instance:com.inetbanking.testCases.TC_NewAccount_006@6121c9d6]" name="setUp" is-config="true" duration-ms="5166" started-at="2021-05-23T13:10:30 IST" finished-at="2021-05-23T13:10:35 IST">
          <params>
            <param index="0">
              <value>
                <![CDATA[chrome]]>
              </value>
            </param>
          </params>
          <reporter-output>
          </reporter-output>
        </test-method> <!-- setUp -->
        <test-method status="PASS" signature="newAccount()[pri:0, instance:com.inetbanking.testCases.TC_NewAccount_006@6121c9d6]" name="newAccount" duration-ms="7626" started-at="2021-05-23T13:10:35 IST" finished-at="2021-05-23T13:10:43 IST">
          <reporter-output>
          </reporter-output>
        </test-method> <!-- newAccount -->
      </class> <!-- com.inetbanking.testCases.TC_NewAccount_006 -->
    </test> <!-- BankingApp Test -->
  </suite> <!-- InetBankingV1 -->
</testng-results>
